  Fila.cpp
C:\Faculdade\Estrutura de Dados I\Prova2\Project1\Fila.h(25,10): error C4430: missing type specifier - int assumed. Note: C++ does not support default-int
C:\Faculdade\Estrutura de Dados I\Prova2\Project1\Fila.h(25,10): warning C4183: 'ListDE': missing return type; assumed to be a member function returning 'int'
C:\Faculdade\Estrutura de Dados I\Prova2\Project1\Fila.h(29,9): error C2523: 'FilaDE::~ListDE': destructor tag mismatch
C:\Faculdade\Estrutura de Dados I\Prova2\Project1\Fila.cpp(11,14): error C2440: '=': cannot convert from 'Thing' to 'Thing *'
C:\Faculdade\Estrutura de Dados I\Prova2\Project1\Fila.cpp(11,10): message : No user-defined-conversion operator available that can perform this conversion, or the operator cannot be called
C:\Faculdade\Estrutura de Dados I\Prova2\Project1\Fila.cpp(17,1): error C2084: function 'Node *Node::MontaNode(Thing *)' already has a body
C:\Faculdade\Estrutura de Dados I\Prova2\Project1\Fila.cpp(6): message : see previous definition of 'MontaNode'
C:\Faculdade\Estrutura de Dados I\Prova2\Project1\Fila.cpp(21,14): error C2440: '=': cannot convert from 'Thing' to 'Thing *'
C:\Faculdade\Estrutura de Dados I\Prova2\Project1\Fila.cpp(21,10): message : No user-defined-conversion operator available that can perform this conversion, or the operator cannot be called
C:\Faculdade\Estrutura de Dados I\Prova2\Project1\Fila.cpp(26,6): error C2653: 'ListDE': is not a class or namespace name
C:\Faculdade\Estrutura de Dados I\Prova2\Project1\Fila.cpp(28,18): error C2065: 'MontaNode': undeclared identifier
C:\Faculdade\Estrutura de Dados I\Prova2\Project1\Fila.cpp(28,32): error C2440: 'initializing': cannot convert from 'Node *(__cdecl *)(Thing *)' to 'Node *'
C:\Faculdade\Estrutura de Dados I\Prova2\Project1\Fila.cpp(28,10): message : There is no context in which this conversion is possible
C:\Faculdade\Estrutura de Dados I\Prova2\Project1\Fila.cpp(31,7): error C2065: 'Head': undeclared identifier
C:\Faculdade\Estrutura de Dados I\Prova2\Project1\Fila.cpp(33,4): error C2065: 'Head': undeclared identifier
C:\Faculdade\Estrutura de Dados I\Prova2\Project1\Fila.cpp(37,4): error C2065: 'It': undeclared identifier
C:\Faculdade\Estrutura de Dados I\Prova2\Project1\Fila.cpp(39,13): error C2065: 'Head': undeclared identifier
C:\Faculdade\Estrutura de Dados I\Prova2\Project1\Fila.cpp(40,3): error C2065: 'Head': undeclared identifier
C:\Faculdade\Estrutura de Dados I\Prova2\Project1\Fila.cpp(41,13): error C2065: 'Null': undeclared identifier
C:\Faculdade\Estrutura de Dados I\Prova2\Project1\Fila.cpp(42,3): error C2065: 'N': undeclared identifier
C:\Faculdade\Estrutura de Dados I\Prova2\Project1\Fila.cpp(48,1): error C2653: 'ListDE': is not a class or namespace name
C:\Faculdade\Estrutura de Dados I\Prova2\Project1\Fila.cpp(49,1): error C4430: missing type specifier - int assumed. Note: C++ does not support default-int
C:\Faculdade\Estrutura de Dados I\Prova2\Project1\Fila.cpp(50,2): error C2065: 'Head': undeclared identifier
C:\Faculdade\Estrutura de Dados I\Prova2\Project1\Fila.cpp(50,9): error C2065: 'It': undeclared identifier
C:\Faculdade\Estrutura de Dados I\Prova2\Project1\Fila.cpp(51,1): warning C4508: 'ListDE': function should return a value; 'void' return type assumed
